[INFO] Scanning for projects...
[INFO] 
[INFO] --------------------< com.wheelio:wheelio-backend >---------------------
[INFO] Building wheelio-backend 0.0.1-SNAPSHOT
[INFO]   from pom.xml
[INFO] --------------------------------[ jar ]---------------------------------
[INFO] 
[INFO] --- clean:3.5.0:clean (default-clean) @ wheelio-backend ---
[INFO] Deleting C:\Users\Vasigaran\Desktop\wheeliofinal-main\wheelio-backend\target
[INFO] 
[INFO] --- resources:3.3.1:resources (default-resources) @ wheelio-backend ---
[INFO] Copying 1 resource from src\main\resources to target\classes
[INFO] Copying 3 resources from src\main\resources to target\classes
[INFO] 
[INFO] --- compiler:3.14.1:compile (default-compile) @ wheelio-backend ---
[INFO] Recompiling the module because of changed source code.
[INFO] Compiling 41 source files with javac [debug parameters release 17] to target\classes
[INFO] /C:/Users/Vasigaran/Desktop/wheeliofinal-main/wheelio-backend/src/main/java/com/wheelio/backend/exception/GlobalExceptionHandler.java: C:\Users\Vasigaran\Desktop\wheeliofinal-main\wheelio-backend\src\main\java\com\wheelio\backend\exception\GlobalExceptionHandler.java uses or overrides a deprecated API.
[INFO] /C:/Users/Vasigaran/Desktop/wheeliofinal-main/wheelio-backend/src/main/java/com/wheelio/backend/exception/GlobalExceptionHandler.java: Recompile with -Xlint:deprecation for details.
[INFO] -------------------------------------------------------------
[ERROR] COMPILATION ERROR : 
[INFO] -------------------------------------------------------------
[ERROR] /C:/Users/Vasigaran/Desktop/wheeliofinal-main/wheelio-backend/src/main/java/com/wheelio/backend/controller/AuthController.java:[129,28] cannot find symbol
  symbol:   method saveUser(com.wheelio.backend.model.User)
  location: variable userService of type com.wheelio.backend.service.UserService
[INFO] 1 error
[INFO] -------------------------------------------------------------
[INFO] ------------------------------------------------------------------------
[INFO] BUILD FAILURE
[INFO] ------------------------------------------------------------------------
[INFO] Total time:  3.517 s
[INFO] Finished at: 2026-02-17T09:12:54+05:30
[INFO] ------------------------------------------------------------------------
[ERROR] Failed to execute goal org.apache.maven.plugins:maven-compiler-plugin:3.14.1:compile (default-compile) on project wheelio-backend: Compilation failure
[ERROR] /C:/Users/Vasigaran/Desktop/wheeliofinal-main/wheelio-backend/src/main/java/com/wheelio/backend/controller/AuthController.java:[129,28] cannot find symbol
[ERROR]   symbol:   method saveUser(com.wheelio.backend.model.User)
[ERROR]   location: variable userService of type com.wheelio.backend.service.UserService
[ERROR] 
[ERROR] -> [Help 1]
[ERROR] 
[ERROR] To see the full stack trace of the errors, re-run Maven with the -e switch.
[ERROR] Re-run Maven using the -X switch to enable full debug logging.
[ERROR] 
[ERROR] For more information about the errors and possible solutions, please read the following articles:
[ERROR] [Help 1] http://cwiki.apache.org/confluence/display/MAVEN/MojoFailureException
